# JRE version: Java(TM) SE Runtime Environment (7.0_51-b13) (build 1.7.0_51-b13)
# Java VM: Java HotSpot(TM) 64-Bit Server VM (24.51-b03 mixed mode windows-amd64 compressed oops)
Heap
 PSYoungGen      total 31232K, used 4390K [0x00000000eaa80000, 0x00000000ed700000, 0x0000000100000000)
  eden space 29184K, 8% used [0x00000000eaa80000,0x00000000eaccf0a0,0x00000000ec700000)
  from space 2048K, 98% used [0x00000000ec780000,0x00000000ec97a840,0x00000000ec980000)
  to   space 8192K, 0% used [0x00000000ecf00000,0x00000000ecf00000,0x00000000ed700000)
 ParOldGen       total 37376K, used 27155K [0x00000000c0000000, 0x00000000c2480000, 0x00000000eaa80000)
  object space 37376K, 72% used [0x00000000c0000000,0x00000000c1a84ec0,0x00000000c2480000)
 PSPermGen       total 29696K, used 29377K [0x00000000b0000000, 0x00000000b1d00000, 0x00000000c0000000)
  object space 29696K, 98% used [0x00000000b0000000,0x00000000b1cb06c8,0x00000000b1d00000)
GC Heap History (10 events):
Event: 19.481 GC heap before
{Heap before GC invocations=17 (full 0):
 PSYoungGen      total 31744K, used 29952K [0x00000000eaa80000, 0x00000000ecb80000, 0x0000000100000000)
  eden space 29696K, 100% used [0x00000000eaa80000,0x00000000ec780000,0x00000000ec780000)
  from space 2048K, 12% used [0x00000000ec980000,0x00000000ec9c0000,0x00000000ecb80000)
  to   space 2048K, 0% used [0x00000000ec780000,0x00000000ec780000,0x00000000ec980000)
 ParOldGen       total 37376K, used 17865K [0x00000000c0000000, 0x00000000c2480000, 0x00000000eaa80000)
  object space 37376K, 47% used [0x00000000c0000000,0x00000000c11727f8,0x00000000c2480000)
 PSPermGen       total 21504K, used 21315K [0x00000000b0000000, 0x00000000b1500000, 0x00000000c0000000)
  object space 21504K, 99% used [0x00000000b0000000,0x00000000b14d0cb8,0x00000000b1500000)
Event: 19.488 GC heap after
Heap after GC invocations=17 (full 0):
 PSYoungGen      total 31744K, used 224K [0x00000000eaa80000, 0x00000000ecb80000, 0x0000000100000000)
  eden space 29696K, 0% used [0x00000000eaa80000,0x00000000eaa80000,0x00000000ec780000)
  from space 2048K, 10% used [0x00000000ec780000,0x00000000ec7b8000,0x00000000ec980000)
  to   space 2048K, 0% used [0x00000000ec980000,0x00000000ec980000,0x00000000ecb80000)
 ParOldGen       total 37376K, used 18062K [0x00000000c0000000, 0x00000000c2480000, 0x00000000eaa80000)
  object space 37376K, 48% used [0x00000000c0000000,0x00000000c11a3808,0x00000000c2480000)
 PSPermGen       total 21504K, used 21315K [0x00000000b0000000, 0x00000000b1500000, 0x00000000c0000000)
  object space 21504K, 99% used [0x00000000b0000000,0x00000000b14d0cb8,0x00000000b1500000)
}
Event: 21.357 GC heap before
{Heap before GC invocations=18 (full 0):
 PSYoungGen      total 31744K, used 29920K [0x00000000eaa80000, 0x00000000ecb80000, 0x0000000100000000)
  eden space 29696K, 100% used [0x00000000eaa80000,0x00000000ec780000,0x00000000ec780000)
  from space 2048K, 10% used [0x00000000ec780000,0x00000000ec7b8000,0x00000000ec980000)
  to   space 2048K, 0% used [0x00000000ec980000,0x00000000ec980000,0x00000000ecb80000)
 ParOldGen       total 37376K, used 18062K [0x00000000c0000000, 0x00000000c2480000, 0x00000000eaa80000)
  object space 37376K, 48% used [0x00000000c0000000,0x00000000c11a3808,0x00000000c2480000)
 PSPermGen       total 23552K, used 23505K [0x00000000b0000000, 0x00000000b1700000, 0x00000000c0000000)
  object space 23552K, 99% used [0x00000000b0000000,0x00000000b16f4470,0x00000000b1700000)
Event: 21.377 GC heap after
Heap after GC invocations=18 (full 0):
 PSYoungGen      total 31744K, used 2048K [0x00000000eaa80000, 0x00000000ecb80000, 0x0000000100000000)
  eden space 29696K, 0% used [0x00000000eaa80000,0x00000000eaa80000,0x00000000ec780000)
  from space 2048K, 100% used [0x00000000ec980000,0x00000000ecb80000,0x00000000ecb80000)
  to   space 2048K, 0% used [0x00000000ec780000,0x00000000ec780000,0x00000000ec980000)
 ParOldGen       total 37376K, used 20474K [0x00000000c0000000, 0x00000000c2480000, 0x00000000eaa80000)
  object space 37376K, 54% used [0x00000000c0000000,0x00000000c13fe920,0x00000000c2480000)
 PSPermGen       total 23552K, used 23505K [0x00000000b0000000, 0x00000000b1700000, 0x00000000c0000000)
  object space 23552K, 99% used [0x00000000b0000000,0x00000000b16f4470,0x00000000b1700000)
}
Event: 23.053 GC heap before
{Heap before GC invocations=19 (full 0):
 PSYoungGen      total 31744K, used 31744K [0x00000000eaa80000, 0x00000000ecb80000, 0x0000000100000000)
  eden space 29696K, 100% used [0x00000000eaa80000,0x00000000ec780000,0x00000000ec780000)
  from space 2048K, 100% used [0x00000000ec980000,0x00000000ecb80000,0x00000000ecb80000)
  to   space 2048K, 0% used [0x00000000ec780000,0x00000000ec780000,0x00000000ec980000)
 ParOldGen       total 37376K, used 20474K [0x00000000c0000000, 0x00000000c2480000, 0x00000000eaa80000)
  object space 37376K, 54% used [0x00000000c0000000,0x00000000c13fe920,0x00000000c2480000)
 PSPermGen       total 25600K, used 25119K [0x00000000b0000000, 0x00000000b1900000, 0x00000000c0000000)
  object space 25600K, 98% used [0x00000000b0000000,0x00000000b1887cf0,0x00000000b1900000)
Event: 23.074 GC heap after
Heap after GC invocations=19 (full 0):
 PSYoungGen      total 31744K, used 2048K [0x00000000eaa80000, 0x00000000ecb80000, 0x0000000100000000)
  eden space 29696K, 0% used [0x00000000eaa80000,0x00000000eaa80000,0x00000000ec780000)
  from space 2048K, 100% used [0x00000000ec780000,0x00000000ec980000,0x00000000ec980000)
  to   space 2048K, 0% used [0x00000000ec980000,0x00000000ec980000,0x00000000ecb80000)
 ParOldGen       total 37376K, used 23943K [0x00000000c0000000, 0x00000000c2480000, 0x00000000eaa80000)
  object space 37376K, 64% used [0x00000000c0000000,0x00000000c1761f08,0x00000000c2480000)
 PSPermGen       total 25600K, used 25119K [0x00000000b0000000, 0x00000000b1900000, 0x00000000c0000000)
  object space 25600K, 98% used [0x00000000b0000000,0x00000000b1887cf0,0x00000000b1900000)
}
Event: 24.951 GC heap before
{Heap before GC invocations=20 (full 0):
 PSYoungGen      total 31744K, used 31744K [0x00000000eaa80000, 0x00000000ecb80000, 0x0000000100000000)
  eden space 29696K, 100% used [0x00000000eaa80000,0x00000000ec780000,0x00000000ec780000)
  from space 2048K, 100% used [0x00000000ec780000,0x00000000ec980000,0x00000000ec980000)
  to   space 2048K, 0% used [0x00000000ec980000,0x00000000ec980000,0x00000000ecb80000)
 ParOldGen       total 37376K, used 23943K [0x00000000c0000000, 0x00000000c2480000, 0x00000000eaa80000)
  object space 37376K, 64% used [0x00000000c0000000,0x00000000c1761f08,0x00000000c2480000)
 PSPermGen       total 28672K, used 28245K [0x00000000b0000000, 0x00000000b1c00000, 0x00000000c0000000)
  object space 28672K, 98% used [0x00000000b0000000,0x00000000b1b95788,0x00000000b1c00000)
Event: 24.973 GC heap after
Heap after GC invocations=20 (full 0):
 PSYoungGen      total 31744K, used 2047K [0x00000000eaa80000, 0x00000000ecb80000, 0x0000000100000000)
  eden space 29696K, 0% used [0x00000000eaa80000,0x00000000eaa80000,0x00000000ec780000)
  from space 2048K, 99% used [0x00000000ec980000,0x00000000ecb7fd68,0x00000000ecb80000)
  to   space 2048K, 0% used [0x00000000ec780000,0x00000000ec780000,0x00000000ec980000)
 ParOldGen       total 37376K, used 26550K [0x00000000c0000000, 0x00000000c2480000, 0x00000000eaa80000)
  object space 37376K, 71% used [0x00000000c0000000,0x00000000c19eda80,0x00000000c2480000)
 PSPermGen       total 28672K, used 28245K [0x00000000b0000000, 0x00000000b1c00000, 0x00000000c0000000)
  object space 28672K, 98% used [0x00000000b0000000,0x00000000b1b95788,0x00000000b1c00000)
}
Event: 27.905 GC heap before
{Heap before GC invocations=21 (full 0):
 PSYoungGen      total 31744K, used 31743K [0x00000000eaa80000, 0x00000000ecb80000, 0x0000000100000000)
  eden space 29696K, 100% used [0x00000000eaa80000,0x00000000ec780000,0x00000000ec780000)
  from space 2048K, 99% used [0x00000000ec980000,0x00000000ecb7fd68,0x00000000ecb80000)
  to   space 2048K, 0% used [0x00000000ec780000,0x00000000ec780000,0x00000000ec980000)
 ParOldGen       total 37376K, used 26550K [0x00000000c0000000, 0x00000000c2480000, 0x00000000eaa80000)
  object space 37376K, 71% used [0x00000000c0000000,0x00000000c19eda80,0x00000000c2480000)
 PSPermGen       total 29184K, used 29166K [0x00000000b0000000, 0x00000000b1c80000, 0x00000000c0000000)
  object space 29184K, 99% used [0x00000000b0000000,0x00000000b1c7bac8,0x00000000b1c80000)
Event: 27.916 GC heap after
Heap after GC invocations=21 (full 0):
 PSYoungGen      total 31232K, used 2026K [0x00000000eaa80000, 0x00000000ed700000, 0x0000000100000000)
  eden space 29184K, 0% used [0x00000000eaa80000,0x00000000eaa80000,0x00000000ec700000)
  from space 2048K, 98% used [0x00000000ec780000,0x00000000ec97a840,0x00000000ec980000)
  to   space 8192K, 0% used [0x00000000ecf00000,0x00000000ecf00000,0x00000000ed700000)
 ParOldGen       total 37376K, used 27155K [0x00000000c0000000, 0x00000000c2480000, 0x00000000eaa80000)
  object space 37376K, 72% used [0x00000000c0000000,0x00000000c1a84ec0,0x00000000c2480000)
 PSPermGen       total 29184K, used 29166K [0x00000000b0000000, 0x00000000b1c80000, 0x00000000c0000000)
  object space 29184K, 99% used [0x00000000b0000000,0x00000000b1c7bac8,0x00000000b1c80000)
}

