# JRE version: Java(TM) SE Runtime Environment (7.0_51-b13) (build 1.7.0_51-b13)
# Java VM: Java HotSpot(TM) 64-Bit Server VM (24.51-b03 mixed mode windows-amd64 compressed oops)
Heap
 PSYoungGen      total 64512K, used 16216K [0x00000000eaa80000, 0x00000000ef480000, 0x0000000100000000)
  eden space 57856K, 16% used [0x00000000eaa80000,0x00000000eb3dd540,0x00000000ee300000)
  from space 6656K, 99% used [0x00000000eeb00000,0x00000000ef178dc0,0x00000000ef180000)
  to   space 8192K, 0% used [0x00000000ee300000,0x00000000ee300000,0x00000000eeb00000)
 ParOldGen       total 70656K, used 48847K [0x00000000c0000000, 0x00000000c4500000, 0x00000000eaa80000)
  object space 70656K, 69% used [0x00000000c0000000,0x00000000c2fb3f28,0x00000000c4500000)
 PSPermGen       total 21504K, used 5891K [0x00000000bae00000, 0x00000000bc300000, 0x00000000c0000000)
  object space 21504K, 27% used [0x00000000bae00000,0x00000000bb3c0fb8,0x00000000bc300000)
GC Heap History (10 events):
Event: 11.312 GC heap before
{Heap before GC invocations=7 (full 0):
 PSYoungGen      total 64512K, used 64508K [0x00000000eaa80000, 0x00000000ef480000, 0x0000000100000000)
  eden space 57856K, 100% used [0x00000000eaa80000,0x00000000ee300000,0x00000000ee300000)
  from space 6656K, 99% used [0x00000000eeb00000,0x00000000ef17f160,0x00000000ef180000)
  to   space 8192K, 0% used [0x00000000ee300000,0x00000000ee300000,0x00000000eeb00000)
 ParOldGen       total 37376K, used 16198K [0x00000000c0000000, 0x00000000c2480000, 0x00000000eaa80000)
  object space 37376K, 43% used [0x00000000c0000000,0x00000000c0fd1940,0x00000000c2480000)
 PSPermGen       total 21504K, used 5819K [0x00000000bae00000, 0x00000000bc300000, 0x00000000c0000000)
  object space 21504K, 27% used [0x00000000bae00000,0x00000000bb3aec80,0x00000000bc300000)
Event: 11.399 GC heap after
Heap after GC invocations=7 (full 0):
 PSYoungGen      total 66048K, used 8171K [0x00000000eaa80000, 0x00000000ef480000, 0x0000000100000000)
  eden space 57856K, 0% used [0x00000000eaa80000,0x00000000eaa80000,0x00000000ee300000)
  from space 8192K, 99% used [0x00000000ee300000,0x00000000eeafad60,0x00000000eeb00000)
  to   space 6656K, 0% used [0x00000000eeb00000,0x00000000eeb00000,0x00000000ef180000)
 ParOldGen       total 37376K, used 22733K [0x00000000c0000000, 0x00000000c2480000, 0x00000000eaa80000)
  object space 37376K, 60% used [0x00000000c0000000,0x00000000c1633628,0x00000000c2480000)
 PSPermGen       total 21504K, used 5819K [0x00000000bae00000, 0x00000000bc300000, 0x00000000c0000000)
  object space 21504K, 27% used [0x00000000bae00000,0x00000000bb3aec80,0x00000000bc300000)
}
Event: 12.034 GC heap before
{Heap before GC invocations=8 (full 0):
 PSYoungGen      total 66048K, used 66027K [0x00000000eaa80000, 0x00000000ef480000, 0x0000000100000000)
  eden space 57856K, 100% used [0x00000000eaa80000,0x00000000ee300000,0x00000000ee300000)
  from space 8192K, 99% used [0x00000000ee300000,0x00000000eeafad60,0x00000000eeb00000)
  to   space 6656K, 0% used [0x00000000eeb00000,0x00000000eeb00000,0x00000000ef180000)
 ParOldGen       total 37376K, used 22733K [0x00000000c0000000, 0x00000000c2480000, 0x00000000eaa80000)
  object space 37376K, 60% used [0x00000000c0000000,0x00000000c1633628,0x00000000c2480000)
 PSPermGen       total 21504K, used 5838K [0x00000000bae00000, 0x00000000bc300000, 0x00000000c0000000)
  object space 21504K, 27% used [0x00000000bae00000,0x00000000bb3b3980,0x00000000bc300000)
Event: 12.142 GC heap after
Heap after GC invocations=8 (full 0):
 PSYoungGen      total 64512K, used 6634K [0x00000000eaa80000, 0x00000000ef480000, 0x0000000100000000)
  eden space 57856K, 0% used [0x00000000eaa80000,0x00000000eaa80000,0x00000000ee300000)
  from space 6656K, 99% used [0x00000000eeb00000,0x00000000ef17aa18,0x00000000ef180000)
  to   space 8192K, 0% used [0x00000000ee300000,0x00000000ee300000,0x00000000eeb00000)
 ParOldGen       total 37376K, used 33929K [0x00000000c0000000, 0x00000000c2480000, 0x00000000eaa80000)
  object space 37376K, 90% used [0x00000000c0000000,0x00000000c2122790,0x00000000c2480000)
 PSPermGen       total 21504K, used 5838K [0x00000000bae00000, 0x00000000bc300000, 0x00000000c0000000)
  object space 21504K, 27% used [0x00000000bae00000,0x00000000bb3b3980,0x00000000bc300000)
}
Event: 12.142 GC heap before
{Heap before GC invocations=9 (full 1):
 PSYoungGen      total 64512K, used 6634K [0x00000000eaa80000, 0x00000000ef480000, 0x0000000100000000)
  eden space 57856K, 0% used [0x00000000eaa80000,0x00000000eaa80000,0x00000000ee300000)
  from space 6656K, 99% used [0x00000000eeb00000,0x00000000ef17aa18,0x00000000ef180000)
  to   space 8192K, 0% used [0x00000000ee300000,0x00000000ee300000,0x00000000eeb00000)
 ParOldGen       total 37376K, used 33929K [0x00000000c0000000, 0x00000000c2480000, 0x00000000eaa80000)
  object space 37376K, 90% used [0x00000000c0000000,0x00000000c2122790,0x00000000c2480000)
 PSPermGen       total 21504K, used 5838K [0x00000000bae00000, 0x00000000bc300000, 0x00000000c0000000)
  object space 21504K, 27% used [0x00000000bae00000,0x00000000bb3b3980,0x00000000bc300000)
Event: 13.442 GC heap after
Heap after GC invocations=9 (full 1):
 PSYoungGen      total 64512K, used 0K [0x00000000eaa80000, 0x00000000ef480000, 0x0000000100000000)
  eden space 57856K, 0% used [0x00000000eaa80000,0x00000000eaa80000,0x00000000ee300000)
  from space 6656K, 0% used [0x00000000eeb00000,0x00000000eeb00000,0x00000000ef180000)
  to   space 8192K, 0% used [0x00000000ee300000,0x00000000ee300000,0x00000000eeb00000)
 ParOldGen       total 70656K, used 36647K [0x00000000c0000000, 0x00000000c4500000, 0x00000000eaa80000)
  object space 70656K, 51% used [0x00000000c0000000,0x00000000c23c9f68,0x00000000c4500000)
 PSPermGen       total 21504K, used 5834K [0x00000000bae00000, 0x00000000bc300000, 0x00000000c0000000)
  object space 21504K, 27% used [0x00000000bae00000,0x00000000bb3b2aa0,0x00000000bc300000)
}
Event: 14.009 GC heap before
{Heap before GC invocations=10 (full 1):
 PSYoungGen      total 64512K, used 57856K [0x00000000eaa80000, 0x00000000ef480000, 0x0000000100000000)
  eden space 57856K, 100% used [0x00000000eaa80000,0x00000000ee300000,0x00000000ee300000)
  from space 6656K, 0% used [0x00000000eeb00000,0x00000000eeb00000,0x00000000ef180000)
  to   space 8192K, 0% used [0x00000000ee300000,0x00000000ee300000,0x00000000eeb00000)
 ParOldGen       total 70656K, used 36647K [0x00000000c0000000, 0x00000000c4500000, 0x00000000eaa80000)
  object space 70656K, 51% used [0x00000000c0000000,0x00000000c23c9f68,0x00000000c4500000)
 PSPermGen       total 21504K, used 5848K [0x00000000bae00000, 0x00000000bc300000, 0x00000000c0000000)
  object space 21504K, 27% used [0x00000000bae00000,0x00000000bb3b62b8,0x00000000bc300000)
Event: 14.053 GC heap after
Heap after GC invocations=10 (full 1):
 PSYoungGen      total 66048K, used 8187K [0x00000000eaa80000, 0x00000000ef480000, 0x0000000100000000)
  eden space 57856K, 0% used [0x00000000eaa80000,0x00000000eaa80000,0x00000000ee300000)
  from space 8192K, 99% used [0x00000000ee300000,0x00000000eeafee10,0x00000000eeb00000)
  to   space 6656K, 0% used [0x00000000eeb00000,0x00000000eeb00000,0x00000000ef180000)
 ParOldGen       total 70656K, used 38147K [0x00000000c0000000, 0x00000000c4500000, 0x00000000eaa80000)
  object space 70656K, 53% used [0x00000000c0000000,0x00000000c2540d78,0x00000000c4500000)
 PSPermGen       total 21504K, used 5848K [0x00000000bae00000, 0x00000000bc300000, 0x00000000c0000000)
  object space 21504K, 27% used [0x00000000bae00000,0x00000000bb3b62b8,0x00000000bc300000)
}
Event: 14.816 GC heap before
{Heap before GC invocations=11 (full 1):
 PSYoungGen      total 66048K, used 66043K [0x00000000eaa80000, 0x00000000ef480000, 0x0000000100000000)
  eden space 57856K, 100% used [0x00000000eaa80000,0x00000000ee300000,0x00000000ee300000)
  from space 8192K, 99% used [0x00000000ee300000,0x00000000eeafee10,0x00000000eeb00000)
  to   space 6656K, 0% used [0x00000000eeb00000,0x00000000eeb00000,0x00000000ef180000)
 ParOldGen       total 70656K, used 38147K [0x00000000c0000000, 0x00000000c4500000, 0x00000000eaa80000)
  object space 70656K, 53% used [0x00000000c0000000,0x00000000c2540d78,0x00000000c4500000)
 PSPermGen       total 21504K, used 5887K [0x00000000bae00000, 0x00000000bc300000, 0x00000000c0000000)
  object space 21504K, 27% used [0x00000000bae00000,0x00000000bb3bff10,0x00000000bc300000)
Event: 14.907 GC heap after
Heap after GC invocations=11 (full 1):
 PSYoungGen      total 64512K, used 6627K [0x00000000eaa80000, 0x00000000ef480000, 0x0000000100000000)
  eden space 57856K, 0% used [0x00000000eaa80000,0x00000000eaa80000,0x00000000ee300000)
  from space 6656K, 99% used [0x00000000eeb00000,0x00000000ef178dc0,0x00000000ef180000)
  to   space 8192K, 0% used [0x00000000ee300000,0x00000000ee300000,0x00000000eeb00000)
 ParOldGen       total 70656K, used 48847K [0x00000000c0000000, 0x00000000c4500000, 0x00000000eaa80000)
  object space 70656K, 69% used [0x00000000c0000000,0x00000000c2fb3f28,0x00000000c4500000)
 PSPermGen       total 21504K, used 5887K [0x00000000bae00000, 0x00000000bc300000, 0x00000000c0000000)
  object space 21504K, 27% used [0x00000000bae00000,0x00000000bb3bff10,0x00000000bc300000)
}

